SF:lib\src\flex_color.dart
DA:10,10
DA:18,10
DA:24,10
DA:27,10
DA:30,10
DA:33,10
DA:36,10
DA:39,10
DA:42,10
DA:45,10
DA:48,10
DA:51,10
DA:54,10
DA:57,10
DA:60,10
DA:63,10
DA:66,10
DA:69,10
DA:72,10
DA:75,10
DA:78,10
DA:81,10
DA:84,10
DA:87,10
DA:90,10
DA:96,10
DA:103,0
DA:1559,3
DA:1560,2
DA:1581,1
DA:1586,0
DA:1587,0
DA:1588,0
DA:1589,0
DA:1604,1
DA:1610,1
DA:1611,0
DA:1612,0
DA:1613,0
DA:1614,0
DA:1618,1
DA:1621,3
DA:1622,1
DA:1623,3
DA:1624,3
DA:1625,3
DA:1626,3
DA:1629,0
DA:1631,0
DA:1632,0
DA:1633,0
DA:1634,0
DA:1635,0
DA:1639,0
DA:1641,0
DA:1642,0
DA:1643,0
DA:1644,0
DA:1645,0
DA:1663,4
DA:1673,0
DA:1675,0
DA:1676,0
DA:1677,0
DA:1720,1
DA:1730,0
DA:1734,1
DA:1737,0
DA:1738,0
DA:1741,0
DA:1742,0
DA:1745,0
DA:1746,0
DA:1768,1
DA:1772,1
DA:1773,2
DA:1774,2
DA:1775,2
DA:1776,2
DA:1777,2
DA:1778,2
DA:1779,2
DA:1814,1
DA:1815,1
DA:1816,1
DA:1817,1
DA:1818,1
DA:1819,1
DA:1820,1
DA:1821,1
DA:1826,1
DA:1835,1
DA:1836,0
DA:1837,0
DA:1838,0
DA:1839,0
DA:1840,0
DA:1841,0
DA:1842,0
DA:1846,2
DA:1849,3
DA:1850,1
DA:1851,3
DA:1852,3
DA:1853,3
DA:1854,3
DA:1855,3
DA:1856,3
DA:1857,3
DA:1860,0
DA:1862,0
DA:1863,0
DA:1864,0
DA:1865,0
DA:1866,0
DA:1867,0
DA:1868,0
DA:1869,0
DA:1873,0
DA:1875,0
DA:1876,0
DA:1877,0
DA:1878,0
DA:1879,0
DA:1880,0
DA:1881,0
DA:1882,0
LF:127
LH:70
end_of_record
SF:lib\src\flex_color_scheme.dart
DA:10,10
DA:12,10
DA:15,10
DA:18,10
DA:21,10
DA:24,10
DA:27,10
DA:32,10
DA:36,10
DA:45,10
DA:49,10
DA:53,10
DA:76,10
DA:80,10
DA:84,10
DA:89,10
DA:140,3
DA:166,0
DA:167,0
DA:169,0
DA:170,0
DA:171,0
DA:173,0
DA:174,3
DA:176,3
DA:178,0
DA:180,0
DA:459,3
DA:642,0
DA:643,0
DA:644,6
DA:645,0
DA:646,0
DA:647,0
DA:648,1
DA:650,0
DA:652,0
DA:654,0
DA:656,0
DA:668,3
DA:669,3
DA:670,3
DA:671,3
DA:673,0
DA:674,3
DA:675,3
DA:676,0
DA:677,3
DA:678,3
DA:679,0
DA:681,0
DA:682,0
DA:683,3
DA:684,3
DA:685,3
DA:692,3
DA:696,3
DA:703,3
DA:704,3
DA:705,3
DA:707,3
DA:709,3
DA:711,3
DA:722,3
DA:723,2
DA:725,1
DA:728,1
DA:730,1
DA:733,0
DA:735,0
DA:737,0
DA:739,0
DA:746,3
DA:748,3
DA:752,3
DA:757,3
DA:762,3
DA:766,3
DA:769,3
DA:772,3
DA:777,3
DA:779,3
DA:782,3
DA:783,3
DA:784,3
DA:785,3
DA:786,3
DA:819,3
DA:1008,0
DA:1009,0
DA:1010,6
DA:1011,0
DA:1012,0
DA:1013,0
DA:1014,1
DA:1016,0
DA:1018,0
DA:1019,0
DA:1021,0
DA:1024,0
DA:1037,3
DA:1038,3
DA:1039,3
DA:1040,3
DA:1042,0
DA:1043,3
DA:1044,3
DA:1045,0
DA:1046,3
DA:1047,3
DA:1048,0
DA:1050,0
DA:1051,0
DA:1052,3
DA:1053,3
DA:1054,3
DA:1061,3
DA:1064,3
DA:1071,3
DA:1072,3
DA:1073,3
DA:1074,3
DA:1076,3
DA:1078,3
DA:1094,0
DA:1095,0
DA:1096,0
DA:1097,0
DA:1100,3
DA:1101,0
DA:1102,0
DA:1112,0
DA:1113,0
DA:1114,0
DA:1115,0
DA:1118,3
DA:1119,0
DA:1120,0
DA:1126,3
DA:1127,1
DA:1129,3
DA:1134,1
DA:1137,0
DA:1140,0
DA:1141,0
DA:1151,3
DA:1153,3
DA:1157,3
DA:1162,3
DA:1167,3
DA:1180,3
DA:1181,0
DA:1182,0
DA:1183,0
DA:1189,3
DA:1191,3
DA:1194,3
DA:1195,3
DA:1196,3
DA:1197,3
DA:1198,3
DA:1237,1
DA:1238,1
DA:1239,1
DA:1240,1
DA:1241,1
DA:1243,1
DA:1244,1
DA:1245,1
DA:1266,2
DA:1284,3
DA:1285,1
DA:1292,3
DA:1304,2
DA:1326,3
DA:1332,3
DA:1333,9
DA:1334,6
DA:1335,3
DA:1336,12
DA:1337,15
DA:1338,15
DA:1339,15
DA:1343,6
DA:1625,0
DA:1627,4
DA:1630,6
DA:1634,2
DA:1635,2
DA:1636,2
DA:1637,2
DA:1641,2
DA:1645,2
DA:1649,2
DA:1650,2
DA:1651,2
DA:1652,2
DA:1653,2
DA:1657,2
DA:1658,2
DA:1659,2
DA:1660,2
DA:1661,2
DA:1662,2
DA:1666,2
DA:1670,2
DA:1674,2
DA:1675,2
DA:1676,2
DA:1677,2
DA:1678,2
DA:1679,2
DA:1688,4
DA:1695,4
DA:1696,2
DA:1697,2
DA:1703,2
DA:1704,2
DA:1707,2
DA:1710,4
DA:1716,4
DA:1726,2
DA:1727,4
DA:1728,1
DA:1731,2
DA:1740,2
DA:1757,4
DA:1758,2
DA:1759,1
DA:1760,2
DA:1761,2
DA:1762,2
DA:1763,2
DA:1775,2
DA:1777,2
DA:1778,2
DA:1779,2
DA:1788,2
DA:1790,2
DA:1791,2
DA:1792,2
DA:1800,4
DA:1804,2
DA:1809,2
DA:1815,2
DA:1816,2
DA:1822,2
DA:1823,2
DA:1825,4
DA:1826,2
DA:1843,4
DA:1844,2
DA:1845,4
DA:1854,3
DA:1856,2
DA:1858,2
DA:1874,2
DA:1877,2
DA:1921,2
DA:1969,2
DA:1970,2
DA:1971,2
DA:1972,4
DA:1978,2
DA:1981,2
DA:1984,2
DA:1992,2
DA:1993,2
DA:1994,2
DA:1995,2
DA:2014,2
DA:2016,4
DA:2017,4
DA:2021,2
DA:2024,4
DA:2025,4
DA:2039,2
DA:2056,2
DA:2066,2
DA:2067,2
DA:2068,2
DA:2069,2
DA:2082,2
DA:2083,2
DA:2084,2
DA:2091,2
DA:2093,2
DA:2101,2
DA:2102,2
DA:2103,2
DA:2105,2
DA:2114,2
DA:2116,2
DA:2118,4
DA:2120,2
DA:2127,2
DA:2129,2
DA:2130,0
DA:2132,0
DA:2133,0
DA:2135,0
DA:2136,0
DA:2167,2
DA:2168,2
DA:2199,1
DA:2201,2
DA:2206,1
DA:2207,1
DA:2208,1
DA:2209,1
DA:2213,1
DA:2217,1
DA:2219,1
DA:2220,1
DA:2221,1
DA:2222,1
DA:2223,1
DA:2226,1
DA:2227,1
DA:2228,1
DA:2229,1
DA:2230,1
DA:2231,1
DA:2235,1
DA:2239,1
DA:2241,1
DA:2242,1
DA:2243,1
DA:2244,1
DA:2245,1
DA:2246,1
DA:2251,1
DA:2278,1
DA:2279,0
DA:2280,0
DA:2281,0
DA:2282,0
DA:2283,0
DA:2284,1
DA:2285,1
DA:2286,1
DA:2287,1
DA:2288,1
DA:2289,1
DA:2290,1
DA:2291,1
DA:2292,1
DA:2293,1
DA:2294,1
DA:2295,1
DA:2296,1
DA:2298,1
DA:2300,1
DA:2301,1
DA:2302,1
DA:2303,1
DA:2304,1
DA:2305,1
DA:2309,1
DA:2312,3
DA:2313,1
DA:2314,3
DA:2315,3
DA:2316,3
DA:2317,3
DA:2318,3
DA:2319,3
DA:2320,3
DA:2321,3
DA:2322,3
DA:2323,3
DA:2324,3
DA:2325,3
DA:2326,3
DA:2327,3
DA:2328,3
DA:2329,3
DA:2330,3
DA:2331,3
DA:2332,3
DA:2333,3
DA:2334,3
DA:2335,3
DA:2336,3
DA:2337,3
DA:2338,3
DA:2341,0
DA:2343,0
DA:2344,0
DA:2345,0
DA:2346,0
DA:2347,0
DA:2348,0
DA:2349,0
DA:2350,0
DA:2351,0
DA:2352,0
DA:2353,0
DA:2354,0
DA:2355,0
DA:2356,0
DA:2357,0
DA:2358,0
DA:2359,0
DA:2360,0
DA:2361,0
DA:2362,0
DA:2363,0
DA:2364,0
DA:2365,0
DA:2366,0
DA:2367,0
DA:2368,0
DA:2370,0
DA:2373,0
DA:2375,0
DA:2376,0
DA:2377,0
DA:2378,0
DA:2379,0
DA:2380,0
DA:2381,0
DA:2382,0
DA:2383,0
DA:2384,0
DA:2385,0
DA:2386,0
DA:2387,0
DA:2388,0
DA:2389,0
DA:2390,0
DA:2391,0
DA:2392,0
DA:2394,0
DA:2395,0
DA:2396,0
DA:2397,0
DA:2398,0
DA:2399,0
DA:2400,0
DA:2401,0
DA:2402,0
DA:2403,0
DA:2404,0
DA:2428,4
DA:2432,0
DA:2433,0
DA:2434,0
DA:2488,4
DA:2508,0
DA:2509,0
DA:2511,4
DA:2512,3
DA:2513,0
DA:2520,0
DA:2539,0
DA:2544,4
DA:2547,4
DA:2554,2
DA:2557,1
DA:2559,1
DA:2563,2
DA:2566,2
DA:2568,2
DA:2572,2
DA:2575,1
DA:2577,1
DA:2581,2
DA:2584,2
DA:2586,2
DA:2588,2
DA:2591,0
DA:2605,4
DA:2608,4
DA:2615,2
DA:2618,1
DA:2620,1
DA:2624,2
DA:2627,2
DA:2629,2
DA:2633,2
DA:2636,1
DA:2638,1
DA:2642,2
DA:2645,2
DA:2647,2
DA:2649,2
DA:2652,0
DA:2670,4
DA:2678,1
DA:2683,1
DA:2684,0
DA:2685,0
DA:2686,0
DA:2690,0
DA:2692,0
DA:2693,0
DA:2694,0
DA:2695,0
DA:2698,1
DA:2701,3
DA:2702,1
DA:2703,3
DA:2704,3
DA:2705,3
DA:2708,0
DA:2710,0
DA:2711,0
DA:2712,0
DA:2713,0
DA:2740,4
DA:2746,0
DA:2747,0
DA:2748,0
DA:2749,0
DA:2750,0
DA:2775,4
DA:2788,0
DA:2789,0
DA:2790,0
DA:2791,0
DA:2792,0
DA:2805,8
DA:2809,8
DA:2813,8
DA:2818,8
DA:2823,8
DA:2827,4
DA:2837,1
DA:2844,1
DA:2845,0
DA:2846,0
DA:2847,0
DA:2848,0
DA:2849,0
DA:2853,1
DA:2856,3
DA:2857,1
DA:2858,3
DA:2859,3
DA:2860,3
DA:2861,3
DA:2862,3
DA:2865,0
DA:2867,0
DA:2868,0
DA:2869,0
DA:2870,0
DA:2871,0
DA:2872,0
DA:2876,0
DA:2878,0
DA:2879,0
DA:2880,0
DA:2881,0
DA:2882,0
DA:2883,0
LF:557
LH:377
end_of_record
SF:lib\src\flex_extensions.dart
DA:31,1
DA:32,1
DA:33,1
DA:34,1
DA:35,1
DA:36,26
DA:37,26
DA:38,26
DA:45,1
DA:46,1
DA:47,1
DA:50,1
DA:51,2
DA:52,1
DA:54,1
DA:55,23
DA:56,1
DA:61,1
DA:62,1
DA:63,1
DA:64,1
DA:66,1
DA:67,23
DA:68,1
DA:82,4
DA:84,4
DA:88,4
DA:89,16
DA:108,1
DA:114,1
DA:116,1
DA:130,1
DA:132,1
DA:134,2
DA:137,1
DA:139,1
DA:141,2
DA:145,1
DA:147,1
DA:152,1
DA:154,4
DA:159,1
DA:162,6
DA:184,1
DA:185,1
DA:186,1
DA:187,1
DA:188,1
DA:189,1
DA:190,1
DA:191,5
DA:199,1
DA:200,2
DA:201,4
DA:203,1
DA:212,1
DA:214,2
LF:57
LH:57
end_of_record
SF:lib\src\flex_theme_mode_switch.dart
DA:30,1
DA:58,0
DA:60,0
DA:61,0
DA:62,0
DA:63,0
DA:64,1
DA:66,1
DA:68,0
DA:70,0
DA:71,0
DA:72,0
DA:73,1
DA:180,1
DA:182,1
DA:183,1
DA:184,1
DA:185,1
DA:186,4
DA:189,1
DA:190,2
DA:191,1
DA:192,1
DA:193,2
DA:194,1
DA:195,0
DA:196,1
DA:197,2
DA:198,0
DA:199,0
DA:201,1
DA:202,1
DA:203,2
DA:204,1
DA:205,0
DA:206,1
DA:207,1
DA:208,1
DA:209,1
DA:210,1
DA:211,1
DA:212,1
DA:213,1
DA:216,1
DA:217,2
DA:218,2
DA:219,1
DA:220,2
DA:221,0
DA:222,1
DA:223,1
DA:224,2
DA:225,0
DA:226,0
DA:228,1
DA:229,1
DA:230,2
DA:231,0
DA:232,1
DA:233,1
DA:234,1
DA:235,1
DA:236,1
DA:237,1
DA:238,1
DA:239,1
DA:240,1
DA:247,1
DA:248,1
DA:249,1
DA:250,3
DA:251,3
DA:252,3
DA:253,3
DA:255,2
DA:256,1
DA:257,2
DA:258,0
DA:259,1
DA:260,1
DA:261,2
DA:262,0
DA:263,0
DA:265,1
DA:266,1
DA:267,2
DA:268,0
DA:269,1
DA:270,1
DA:271,1
DA:272,1
DA:273,1
DA:274,1
DA:275,1
DA:276,1
DA:277,1
DA:297,1
DA:317,0
DA:318,0
DA:319,0
DA:320,0
DA:321,0
DA:322,1
DA:324,0
DA:326,0
DA:327,0
DA:328,0
DA:329,1
DA:399,1
DA:401,1
DA:402,3
DA:405,1
DA:407,1
DA:408,1
DA:409,1
DA:410,1
DA:411,1
DA:412,2
DA:413,2
DA:414,4
DA:415,1
DA:416,1
DA:417,1
DA:419,1
DA:420,1
DA:421,2
DA:423,1
DA:424,1
DA:425,1
DA:426,3
DA:429,1
DA:430,1
DA:431,2
DA:434,1
DA:436,1
DA:437,1
DA:438,1
DA:439,1
DA:440,1
DA:441,1
DA:442,1
DA:443,1
DA:444,2
DA:445,1
DA:446,1
DA:447,1
DA:448,1
DA:450,1
DA:451,2
DA:452,1
DA:453,1
DA:454,1
DA:455,1
DA:459,1
DA:460,1
DA:461,1
DA:462,2
DA:463,1
DA:464,1
DA:465,1
DA:466,1
DA:468,1
DA:469,2
DA:470,1
DA:471,1
DA:472,1
DA:473,1
DA:482,2
DA:483,0
DA:484,0
DA:498,1
DA:505,0
DA:506,0
DA:507,0
DA:508,0
DA:509,1
DA:529,1
DA:531,1
DA:532,1
DA:533,1
DA:534,1
DA:535,1
DA:536,1
DA:537,1
DA:538,3
LF:185
LH:149
end_of_record
