SF:lib\src\flex_color.dart
DA:16,0
DA:2121,14
DA:2141,1
DA:2147,1
DA:2148,1
DA:2149,1
DA:2150,1
DA:2151,1
DA:2155,1
DA:2158,3
DA:2159,1
DA:2160,3
DA:2161,3
DA:2162,3
DA:2163,3
DA:2166,1
DA:2168,1
DA:2169,1
DA:2170,1
DA:2171,1
DA:2172,1
DA:2176,1
DA:2178,1
DA:2179,3
DA:2180,3
DA:2181,3
DA:2182,3
DA:2200,19
DA:2254,2
DA:2262,2
DA:2264,2
DA:2265,2
DA:2267,1
DA:2268,2
DA:2270,1
DA:2271,2
DA:2292,5
DA:2295,10
DA:2298,3
DA:2299,3
DA:2300,3
DA:2301,3
DA:2302,3
DA:2306,5
DA:2307,5
DA:2308,5
DA:2309,5
DA:2310,8
DA:2311,5
DA:2312,5
DA:2313,8
DA:2314,5
DA:2315,5
DA:2316,4
DA:2317,3
DA:2318,3
DA:2319,8
DA:2320,5
DA:2321,5
DA:2340,1
DA:2341,1
DA:2342,2
DA:2343,2
DA:2344,2
DA:2345,2
DA:2346,2
DA:2347,2
DA:2382,1
DA:2383,1
DA:2384,1
DA:2385,1
DA:2386,1
DA:2387,1
DA:2388,1
DA:2393,5
DA:2401,5
DA:2402,5
DA:2403,5
DA:2404,5
DA:2405,5
DA:2406,5
DA:2407,5
DA:2411,2
DA:2414,3
DA:2415,1
DA:2416,3
DA:2417,3
DA:2418,3
DA:2419,3
DA:2420,3
DA:2421,3
DA:2424,2
DA:2426,2
DA:2427,2
DA:2428,2
DA:2429,2
DA:2430,2
DA:2431,2
DA:2432,4
DA:2436,2
DA:2438,2
DA:2439,6
DA:2440,6
DA:2441,6
DA:2442,6
DA:2443,6
DA:2444,6
LF:107
LH:106
end_of_record
SF:lib\src\flex_color_scheme.dart
DA:18,12
DA:52,12
DA:173,12
DA:248,12
DA:299,12
DA:331,13
DA:404,6
DA:433,4
DA:434,4
DA:829,0
DA:1377,8
DA:1378,4
DA:1379,2
DA:1388,6
DA:1392,4
DA:1400,4
DA:1413,2
DA:1419,4
DA:1422,4
DA:1429,4
DA:1430,4
DA:1431,4
DA:1432,4
DA:1433,4
DA:1434,4
DA:1445,4
DA:1446,4
DA:1448,3
DA:1451,3
DA:1452,3
DA:1454,2
DA:1455,2
DA:1457,2
DA:1459,2
DA:1466,4
DA:1468,4
DA:1472,4
DA:1477,4
DA:1482,4
DA:1484,4
DA:1486,4
DA:1489,4
DA:1493,4
DA:1498,4
DA:1501,4
DA:1502,4
DA:1503,4
DA:1504,4
DA:1505,4
DA:1550,0
DA:2114,8
DA:2115,4
DA:2116,2
DA:2123,6
DA:2127,4
DA:2136,4
DA:2149,2
DA:2155,4
DA:2158,4
DA:2165,4
DA:2166,4
DA:2167,4
DA:2168,4
DA:2169,4
DA:2170,4
DA:2185,6
DA:2187,4
DA:2197,6
DA:2199,4
DA:2209,1
DA:2210,4
DA:2213,4
DA:2219,4
DA:2220,2
DA:2222,4
DA:2227,3
DA:2230,2
DA:2233,2
DA:2234,2
DA:2244,4
DA:2246,4
DA:2250,4
DA:2255,4
DA:2260,4
DA:2272,4
DA:2278,4
DA:2281,4
DA:2282,4
DA:2283,4
DA:2284,4
DA:2285,4
DA:2331,2
DA:2332,2
DA:2333,2
DA:2334,1
DA:2335,1
DA:2337,1
DA:2338,1
DA:2339,1
DA:2404,2
DA:2522,2
DA:2524,2
DA:2532,2
DA:2537,6
DA:2538,1
DA:2542,2
DA:2544,2
DA:2545,6
DA:2546,1
DA:2547,3
DA:2548,1
DA:2550,2
DA:2551,2
DA:2599,1
DA:2600,1
DA:2603,1
DA:2608,1
DA:2610,2
DA:2624,2
DA:2656,4
DA:2661,4
DA:2662,4
DA:2663,4
DA:2664,4
DA:2665,8
DA:2666,4
DA:2667,16
DA:2668,20
DA:2669,20
DA:2670,20
DA:2674,8
DA:2873,0
DA:2875,8
DA:2886,8
DA:2893,8
DA:2901,8
DA:2902,4
DA:2903,0
DA:2905,8
DA:2910,4
DA:2911,4
DA:2912,4
DA:2913,4
DA:2917,4
DA:2921,4
DA:2925,4
DA:2926,4
DA:2927,4
DA:2928,4
DA:2929,4
DA:2933,4
DA:2934,4
DA:2935,4
DA:2936,4
DA:2937,4
DA:2938,4
DA:2942,4
DA:2946,4
DA:2950,4
DA:2951,4
DA:2952,4
DA:2953,4
DA:2954,4
DA:2955,4
DA:2965,8
DA:2972,8
DA:2973,4
DA:2974,4
DA:2980,4
DA:2981,6
DA:2984,4
DA:2994,4
DA:2995,8
DA:2996,3
DA:2999,4
DA:3025,8
DA:3026,4
DA:3027,2
DA:3028,4
DA:3029,4
DA:3030,6
DA:3031,4
DA:3043,4
DA:3045,4
DA:3046,4
DA:3047,4
DA:3049,4
DA:3050,4
DA:3051,0
DA:3058,4
DA:3060,4
DA:3061,4
DA:3062,4
DA:3064,4
DA:3065,4
DA:3066,0
DA:3072,8
DA:3076,4
DA:3081,4
DA:3087,4
DA:3088,4
DA:3093,4
DA:3100,4
DA:3101,4
DA:3103,8
DA:3104,4
DA:3114,7
DA:3116,4
DA:3118,4
DA:3133,7
DA:3136,4
DA:3146,4
DA:3178,4
DA:3213,4
DA:3217,4
DA:3219,4
DA:3222,4
DA:3225,4
DA:3226,4
DA:3228,4
DA:3236,4
DA:3262,4
DA:3263,4
DA:3264,4
DA:3265,4
DA:3281,4
DA:3283,8
DA:3284,8
DA:3288,4
DA:3291,8
DA:3292,8
DA:3326,4
DA:3336,4
DA:3337,4
DA:3338,4
DA:3339,4
DA:3346,4
DA:3348,4
DA:3356,4
DA:3357,4
DA:3358,4
DA:3360,4
DA:3369,4
DA:3373,8
DA:3375,4
DA:3384,4
DA:3385,3
DA:3389,3
DA:3421,1
DA:3423,2
DA:3428,1
DA:3429,1
DA:3430,1
DA:3431,1
DA:3435,1
DA:3439,1
DA:3441,1
DA:3442,1
DA:3443,1
DA:3444,1
DA:3445,1
DA:3448,1
DA:3449,1
DA:3450,1
DA:3451,1
DA:3452,1
DA:3453,1
DA:3457,1
DA:3461,1
DA:3463,1
DA:3464,1
DA:3465,1
DA:3466,1
DA:3467,1
DA:3468,1
DA:3473,1
DA:3501,1
DA:3502,1
DA:3503,1
DA:3504,1
DA:3505,1
DA:3506,1
DA:3507,1
DA:3508,1
DA:3509,1
DA:3510,1
DA:3511,1
DA:3512,1
DA:3513,1
DA:3514,1
DA:3515,1
DA:3516,1
DA:3517,1
DA:3518,1
DA:3520,1
DA:3522,1
DA:3523,1
DA:3524,1
DA:3525,1
DA:3526,1
DA:3527,1
DA:3528,1
DA:3529,1
DA:3533,1
DA:3536,3
DA:3537,1
DA:3538,3
DA:3539,3
DA:3540,3
DA:3541,3
DA:3542,3
DA:3543,3
DA:3544,3
DA:3545,3
DA:3546,3
DA:3547,3
DA:3548,3
DA:3549,3
DA:3550,3
DA:3551,3
DA:3552,3
DA:3553,3
DA:3554,3
DA:3555,3
DA:3556,3
DA:3557,3
DA:3558,3
DA:3559,3
DA:3560,3
DA:3561,3
DA:3562,3
DA:3563,3
DA:3571,1
DA:3573,1
DA:3574,1
DA:3575,1
DA:3576,1
DA:3577,1
DA:3578,1
DA:3579,1
DA:3580,1
DA:3581,1
DA:3582,1
DA:3583,1
DA:3584,1
DA:3585,1
DA:3586,1
DA:3587,1
DA:3588,1
DA:3589,1
DA:3590,1
DA:3591,1
DA:3592,1
DA:3593,1
DA:3594,1
DA:3595,1
DA:3596,1
DA:3597,1
DA:3598,1
DA:3599,1
DA:3601,1
DA:3604,1
DA:3606,1
DA:3607,3
DA:3608,3
DA:3609,3
DA:3610,3
DA:3611,3
DA:3612,3
DA:3613,3
DA:3614,3
DA:3615,3
DA:3616,3
DA:3617,3
DA:3618,3
DA:3619,3
DA:3620,3
DA:3621,3
DA:3622,3
DA:3624,3
DA:3625,2
DA:3626,1
DA:3627,2
DA:3628,1
DA:3629,2
DA:3630,1
DA:3631,3
DA:3632,3
DA:3633,1
DA:3634,2
DA:3635,3
DA:3636,3
DA:3637,3
DA:3661,17
DA:3705,2
DA:3742,2
DA:3749,0
DA:3754,2
DA:3755,2
DA:3756,2
DA:3757,2
DA:3758,2
DA:3762,2
DA:3763,2
DA:3764,2
DA:3788,2
DA:3789,1
DA:3790,2
DA:3838,4
DA:3842,2
DA:3844,2
DA:3849,2
DA:3853,1
DA:3858,2
DA:3883,2
DA:3884,2
DA:3904,0
DA:3913,2
DA:3914,2
DA:3934,2
DA:3938,2
DA:3939,6
DA:3940,2
DA:3941,4
DA:3942,2
DA:3943,4
DA:3944,2
DA:3945,4
DA:3991,5
DA:4008,1
DA:4013,5
DA:4016,5
DA:4023,4
DA:4024,3
DA:4026,3
DA:4028,3
DA:4031,4
DA:4032,4
DA:4034,4
DA:4036,4
DA:4039,4
DA:4041,3
DA:4042,3
DA:4044,3
DA:4046,3
DA:4049,3
DA:4051,3
DA:4052,3
DA:4054,3
DA:4056,3
DA:4058,3
DA:4060,3
DA:4062,3
DA:4076,5
DA:4079,5
DA:4086,4
DA:4087,3
DA:4089,3
DA:4091,3
DA:4094,3
DA:4096,4
DA:4097,4
DA:4099,4
DA:4101,4
DA:4104,4
DA:4106,3
DA:4107,3
DA:4109,3
DA:4111,3
DA:4114,3
DA:4116,3
DA:4117,3
DA:4119,3
DA:4121,3
DA:4123,3
DA:4125,3
DA:4127,2
DA:4146,2
DA:4152,2
DA:4153,2
DA:4154,2
DA:4155,2
DA:4156,1
DA:4160,1
DA:4162,1
DA:4163,3
DA:4164,3
DA:4165,3
DA:4166,3
DA:4169,1
DA:4172,3
DA:4173,1
DA:4174,3
DA:4175,3
DA:4176,3
DA:4177,3
DA:4180,1
DA:4182,1
DA:4183,1
DA:4184,1
DA:4185,1
DA:4186,1
DA:4213,6
DA:4244,5
DA:4260,10
DA:4264,10
DA:4268,10
DA:4273,10
DA:4278,10
DA:4282,5
DA:4292,1
DA:4299,1
DA:4300,1
DA:4301,1
DA:4302,1
DA:4303,1
DA:4304,1
DA:4308,1
DA:4311,3
DA:4312,1
DA:4313,3
DA:4314,3
DA:4315,3
DA:4316,3
DA:4317,3
DA:4320,1
DA:4322,1
DA:4323,1
DA:4324,1
DA:4325,1
DA:4326,1
DA:4327,1
DA:4331,1
DA:4333,1
DA:4334,3
DA:4335,3
DA:4336,3
DA:4337,3
DA:4338,3
LF:539
LH:531
end_of_record
SF:lib\src\flex_extensions.dart
DA:32,1
DA:33,1
DA:34,1
DA:35,1
DA:36,1
DA:37,8
DA:38,8
DA:39,8
DA:46,1
DA:47,1
DA:48,1
DA:51,1
DA:52,2
DA:53,1
DA:55,6
DA:56,1
DA:61,5
DA:62,5
DA:63,5
DA:64,5
DA:66,30
DA:67,5
DA:81,6
DA:83,6
DA:85,6
DA:86,24
DA:101,3
DA:103,3
DA:105,2
DA:106,4
DA:125,1
DA:131,1
DA:133,1
DA:136,1
DA:138,1
DA:140,2
DA:143,1
DA:145,1
DA:147,2
DA:151,1
DA:153,1
DA:158,1
DA:159,4
DA:164,1
DA:166,6
DA:188,1
DA:189,1
DA:190,1
DA:191,1
DA:192,1
DA:193,1
DA:194,1
DA:195,5
DA:200,1
DA:201,7
DA:209,1
DA:210,2
LF:57
LH:57
end_of_record
SF:lib\src\flex_scheme.dart
DA:3,12
LF:1
LH:1
end_of_record
SF:lib\src\flex_theme_data_extensions.dart
DA:46,0
DA:599,1
DA:634,1
DA:639,0
DA:1182,1
DA:1218,1
DA:1223,1
DA:1584,1
DA:1613,1
LF:9
LH:7
end_of_record
SF:lib\src\flex_theme_mode_switch.dart
DA:30,1
DA:58,1
DA:60,1
DA:61,1
DA:168,1
DA:170,1
DA:171,1
DA:172,1
DA:173,1
DA:174,4
DA:177,1
DA:178,2
DA:179,1
DA:180,1
DA:181,2
DA:182,1
DA:183,1
DA:184,1
DA:185,2
DA:186,1
DA:187,1
DA:189,1
DA:190,1
DA:191,2
DA:192,1
DA:193,1
DA:194,1
DA:195,1
DA:196,1
DA:197,1
DA:198,1
DA:199,1
DA:200,1
DA:201,1
DA:204,1
DA:205,2
DA:206,2
DA:207,1
DA:208,2
DA:209,1
DA:210,1
DA:211,1
DA:212,2
DA:213,1
DA:214,1
DA:216,1
DA:217,1
DA:218,2
DA:219,1
DA:220,1
DA:221,1
DA:222,1
DA:223,1
DA:224,1
DA:225,1
DA:226,1
DA:227,1
DA:228,1
DA:235,1
DA:236,1
DA:237,1
DA:238,3
DA:239,3
DA:240,3
DA:241,3
DA:243,2
DA:244,1
DA:245,2
DA:246,1
DA:247,1
DA:248,1
DA:249,2
DA:250,1
DA:251,1
DA:253,1
DA:254,1
DA:255,2
DA:256,1
DA:257,1
DA:258,1
DA:259,1
DA:260,1
DA:261,1
DA:262,1
DA:263,1
DA:264,1
DA:265,1
DA:285,1
DA:305,1
DA:306,1
DA:382,1
DA:384,1
DA:385,3
DA:388,1
DA:390,1
DA:391,1
DA:392,1
DA:393,1
DA:394,1
DA:395,2
DA:396,1
DA:397,1
DA:398,4
DA:401,1
DA:402,1
DA:403,1
DA:405,1
DA:406,1
DA:407,2
DA:409,1
DA:410,1
DA:411,1
DA:412,3
DA:415,1
DA:416,1
DA:417,2
DA:420,1
DA:421,1
DA:422,1
DA:425,1
DA:427,1
DA:428,1
DA:429,1
DA:430,1
DA:431,1
DA:432,1
DA:433,1
DA:434,1
DA:435,2
DA:436,1
DA:437,1
DA:438,1
DA:439,1
DA:441,1
DA:442,2
DA:443,1
DA:444,1
DA:445,1
DA:446,1
DA:450,1
DA:451,1
DA:452,1
DA:453,2
DA:454,1
DA:455,1
DA:456,1
DA:457,1
DA:459,1
DA:460,2
DA:461,1
DA:462,1
DA:463,1
DA:464,1
DA:474,2
DA:475,1
DA:476,1
DA:477,4
DA:493,1
DA:500,1
DA:520,1
DA:522,1
DA:523,1
DA:524,1
DA:525,1
DA:526,1
DA:527,1
DA:528,1
DA:529,3
LF:168
LH:168
end_of_record
